# JRE version: OpenJDK Runtime Environment (21.0.3) (build 21.0.3+-12282718-b509.11)
# Java VM: OpenJDK 64-Bit Server VM (21.0.3+-12282718-b509.11, mixed mode, tiered, compressed oops, compressed class ptrs, g1 gc, windows-amd64)
GC Precious Log:
 CardTable entry size: 512
 Card Set container configuration: InlinePtr #cards 5 size 8 Array Of Cards #cards 12 size 40 Howl #buckets 4 coarsen threshold 1843 Howl Bitmap #cards 512 size 80 coarsen threshold 460 Card regions per heap region 1 cards per card region 2048
 CPUs: 4 total, 4 available
 Memory: 16223M
 Large Page Support: Disabled
 NUMA Support: Disabled
 Compressed Oops: Enabled (32-bit)
 Heap Region Size: 1M
 Heap Min Capacity: 8M
 Heap Initial Capacity: 254M
 Heap Max Capacity: 2G
 Pre-touch: Disabled
 Parallel Workers: 4
 Concurrent Workers: 1
 Concurrent Refinement Workers: 4
 Periodic GC: Disabled
Heap:
 garbage-first heap   total 361472K, used 238080K [0x0000000080000000, 0x0000000100000000)
  region size 1024K, 22 young (22528K), 2 survivors (2048K)
 Metaspace       used 183869K, committed 186432K, reserved 1245184K
  class space    used 24887K, committed 26176K, reserved 1048576K
GC Heap History (20 events):
Event: 28.807 GC heap before
{Heap before GC invocations=51 (full 0):
 garbage-first heap   total 256000K, used 234342K [0x0000000080000000, 0x0000000100000000)
  region size 1024K, 94 young (96256K), 4 survivors (4096K)
 Metaspace       used 146025K, committed 148288K, reserved 1179648K
  class space    used 19988K, committed 21120K, reserved 1048576K
}
Event: 28.823 GC heap after
{Heap after GC invocations=52 (full 0):
 garbage-first heap   total 256000K, used 147911K [0x0000000080000000, 0x0000000100000000)
  region size 1024K, 9 young (9216K), 9 survivors (9216K)
 Metaspace       used 146025K, committed 148288K, reserved 1179648K
  class space    used 19988K, committed 21120K, reserved 1048576K
}
Event: 31.274 GC heap before
{Heap before GC invocations=53 (full 0):
 garbage-first heap   total 260096K, used 249287K [0x0000000080000000, 0x0000000100000000)
  region size 1024K, 91 young (93184K), 9 survivors (9216K)
 Metaspace       used 153492K, committed 155776K, reserved 1245184K
  class space    used 20786K, committed 21952K, reserved 1048576K
}
Event: 31.404 GC heap after
{Heap after GC invocations=54 (full 0):
 garbage-first heap   total 261120K, used 148177K [0x0000000080000000, 0x0000000100000000)
  region size 1024K, 8 young (8192K), 8 survivors (8192K)
 Metaspace       used 153492K, committed 155776K, reserved 1245184K
  class space    used 20786K, committed 21952K, reserved 1048576K
}
Event: 336.525 GC heap before
{Heap before GC invocations=54 (full 0):
 garbage-first heap   total 261120K, used 236241K [0x0000000080000000, 0x0000000100000000)
  region size 1024K, 95 young (97280K), 8 survivors (8192K)
 Metaspace       used 154735K, committed 157056K, reserved 1245184K
  class space    used 20827K, committed 22016K, reserved 1048576K
}
Event: 336.550 GC heap after
{Heap after GC invocations=55 (full 0):
 garbage-first heap   total 261120K, used 151377K [0x0000000080000000, 0x0000000100000000)
  region size 1024K, 12 young (12288K), 12 survivors (12288K)
 Metaspace       used 154735K, committed 157056K, reserved 1245184K
  class space    used 20827K, committed 22016K, reserved 1048576K
}
Event: 338.065 GC heap before
{Heap before GC invocations=55 (full 0):
 garbage-first heap   total 261120K, used 233297K [0x0000000080000000, 0x0000000100000000)
  region size 1024K, 93 young (95232K), 12 survivors (12288K)
 Metaspace       used 158670K, committed 161088K, reserved 1245184K
  class space    used 21311K, committed 22528K, reserved 1048576K
}
Event: 338.093 GC heap after
{Heap after GC invocations=56 (full 0):
 garbage-first heap   total 261120K, used 160093K [0x0000000080000000, 0x0000000100000000)
  region size 1024K, 9 young (9216K), 9 survivors (9216K)
 Metaspace       used 158670K, committed 161088K, reserved 1245184K
  class space    used 21311K, committed 22528K, reserved 1048576K
}
Event: 458.794 GC heap before
{Heap before GC invocations=57 (full 0):
 garbage-first heap   total 270336K, used 253277K [0x0000000080000000, 0x0000000100000000)
  region size 1024K, 84 young (86016K), 9 survivors (9216K)
 Metaspace       used 162351K, committed 164864K, reserved 1245184K
  class space    used 21796K, committed 23104K, reserved 1048576K
}
Event: 458.817 GC heap after
{Heap after GC invocations=58 (full 0):
 garbage-first heap   total 274432K, used 183193K [0x0000000080000000, 0x0000000100000000)
  region size 1024K, 11 young (11264K), 11 survivors (11264K)
 Metaspace       used 162351K, committed 164864K, reserved 1245184K
  class space    used 21796K, committed 23104K, reserved 1048576K
}
Event: 459.605 GC heap before
{Heap before GC invocations=58 (full 0):
 garbage-first heap   total 274432K, used 259993K [0x0000000080000000, 0x0000000100000000)
  region size 1024K, 75 young (76800K), 11 survivors (11264K)
 Metaspace       used 164779K, committed 167296K, reserved 1245184K
  class space    used 22154K, committed 23424K, reserved 1048576K
}
Event: 459.628 GC heap after
{Heap after GC invocations=59 (full 0):
 garbage-first heap   total 281600K, used 198432K [0x0000000080000000, 0x0000000100000000)
  region size 1024K, 9 young (9216K), 9 survivors (9216K)
 Metaspace       used 164779K, committed 167296K, reserved 1245184K
  class space    used 22154K, committed 23424K, reserved 1048576K
}
Event: 460.577 GC heap before
{Heap before GC invocations=59 (full 0):
 garbage-first heap   total 281600K, used 256800K [0x0000000080000000, 0x0000000100000000)
  region size 1024K, 66 young (67584K), 9 survivors (9216K)
 Metaspace       used 171580K, committed 174144K, reserved 1245184K
  class space    used 23459K, committed 24768K, reserved 1048576K
}
Event: 460.590 GC heap after
{Heap after GC invocations=60 (full 0):
 garbage-first heap   total 281600K, used 201728K [0x0000000080000000, 0x0000000100000000)
  region size 1024K, 4 young (4096K), 4 survivors (4096K)
 Metaspace       used 171580K, committed 174144K, reserved 1245184K
  class space    used 23459K, committed 24768K, reserved 1048576K
}
Event: 461.464 GC heap before
{Heap before GC invocations=61 (full 0):
 garbage-first heap   total 353280K, used 265216K [0x0000000080000000, 0x0000000100000000)
  region size 1024K, 60 young (61440K), 4 survivors (4096K)
 Metaspace       used 178632K, committed 181248K, reserved 1245184K
  class space    used 24322K, committed 25600K, reserved 1048576K
}
Event: 461.480 GC heap after
{Heap after GC invocations=62 (full 0):
 garbage-first heap   total 353280K, used 212924K [0x0000000080000000, 0x0000000100000000)
  region size 1024K, 8 young (8192K), 8 survivors (8192K)
 Metaspace       used 178632K, committed 181248K, reserved 1245184K
  class space    used 24322K, committed 25600K, reserved 1048576K
}
Event: 462.378 GC heap before
{Heap before GC invocations=62 (full 0):
 garbage-first heap   total 353280K, used 320444K [0x0000000080000000, 0x0000000100000000)
  region size 1024K, 113 young (115712K), 8 survivors (8192K)
 Metaspace       used 182808K, committed 185344K, reserved 1245184K
  class space    used 24783K, committed 26048K, reserved 1048576K
}
Event: 462.432 GC heap after
{Heap after GC invocations=63 (full 0):
 garbage-first heap   total 361472K, used 208248K [0x0000000080000000, 0x0000000100000000)
  region size 1024K, 15 young (15360K), 15 survivors (15360K)
 Metaspace       used 182808K, committed 185344K, reserved 1245184K
  class space    used 24783K, committed 26048K, reserved 1048576K
}
Event: 462.470 GC heap before
{Heap before GC invocations=63 (full 0):
 garbage-first heap   total 361472K, used 210296K [0x0000000080000000, 0x0000000100000000)
  region size 1024K, 18 young (18432K), 15 survivors (15360K)
 Metaspace       used 183124K, committed 185664K, reserved 1245184K
  class space    used 24825K, committed 26112K, reserved 1048576K
}
Event: 462.492 GC heap after
{Heap after GC invocations=64 (full 0):
 garbage-first heap   total 361472K, used 211456K [0x0000000080000000, 0x0000000100000000)
  region size 1024K, 2 young (2048K), 2 survivors (2048K)
 Metaspace       used 183124K, committed 185664K, reserved 1245184K
  class space    used 24825K, committed 26112K, reserved 1048576K
}

