# JRE version: OpenJDK Runtime Environment (21.0.3) (build 21.0.3+-12282718-b509.11)
# Java VM: OpenJDK 64-Bit Server VM (21.0.3+-12282718-b509.11, mixed mode, tiered, compressed oops, compressed class ptrs, g1 gc, windows-amd64)
GC Precious Log:
 CardTable entry size: 512
 Card Set container configuration: InlinePtr #cards 5 size 8 Array Of Cards #cards 12 size 40 Howl #buckets 4 coarsen threshold 1843 Howl Bitmap #cards 512 size 80 coarsen threshold 460 Card regions per heap region 1 cards per card region 2048
 CPUs: 4 total, 4 available
 Memory: 16223M
 Large Page Support: Disabled
 NUMA Support: Disabled
 Compressed Oops: Enabled (32-bit)
 Heap Region Size: 1M
 Heap Min Capacity: 8M
 Heap Initial Capacity: 254M
 Heap Max Capacity: 2G
 Pre-touch: Disabled
 Parallel Workers: 4
 Concurrent Workers: 1
 Concurrent Refinement Workers: 4
 Periodic GC: Disabled
Heap:
 garbage-first heap   total 475136K, used 283264K [0x0000000080000000, 0x0000000100000000)
  region size 1024K, 34 young (34816K), 18 survivors (18432K)
 Metaspace       used 198044K, committed 200832K, reserved 1245184K
  class space    used 25366K, committed 26816K, reserved 1048576K
GC Heap History (20 events):
Event: 20.052 GC heap before
{Heap before GC invocations=44 (full 0):
 garbage-first heap   total 273408K, used 247674K [0x0000000080000000, 0x0000000100000000)
  region size 1024K, 85 young (87040K), 6 survivors (6144K)
 Metaspace       used 115085K, committed 117312K, reserved 1179648K
  class space    used 15579K, committed 16704K, reserved 1048576K
}
Event: 20.059 GC heap after
{Heap after GC invocations=45 (full 0):
 garbage-first heap   total 273408K, used 168185K [0x0000000080000000, 0x0000000100000000)
  region size 1024K, 7 young (7168K), 7 survivors (7168K)
 Metaspace       used 115085K, committed 117312K, reserved 1179648K
  class space    used 15579K, committed 16704K, reserved 1048576K
}
Event: 20.595 GC heap before
{Heap before GC invocations=46 (full 0):
 garbage-first heap   total 347136K, used 247033K [0x0000000080000000, 0x0000000100000000)
  region size 1024K, 84 young (86016K), 7 survivors (7168K)
 Metaspace       used 115086K, committed 117312K, reserved 1179648K
  class space    used 15579K, committed 16704K, reserved 1048576K
}
Event: 20.606 GC heap after
{Heap after GC invocations=47 (full 0):
 garbage-first heap   total 347136K, used 170271K [0x0000000080000000, 0x0000000100000000)
  region size 1024K, 7 young (7168K), 7 survivors (7168K)
 Metaspace       used 115086K, committed 117312K, reserved 1179648K
  class space    used 15579K, committed 16704K, reserved 1048576K
}
Event: 21.792 GC heap before
{Heap before GC invocations=47 (full 0):
 garbage-first heap   total 347136K, used 307487K [0x0000000080000000, 0x0000000100000000)
  region size 1024K, 141 young (144384K), 7 survivors (7168K)
 Metaspace       used 115086K, committed 117312K, reserved 1179648K
  class space    used 15579K, committed 16704K, reserved 1048576K
}
Event: 21.806 GC heap after
{Heap after GC invocations=48 (full 0):
 garbage-first heap   total 455680K, used 172425K [0x0000000080000000, 0x0000000100000000)
  region size 1024K, 12 young (12288K), 12 survivors (12288K)
 Metaspace       used 115086K, committed 117312K, reserved 1179648K
  class space    used 15579K, committed 16704K, reserved 1048576K
}
Event: 23.023 GC heap before
{Heap before GC invocations=48 (full 0):
 garbage-first heap   total 455680K, used 394633K [0x0000000080000000, 0x0000000100000000)
  region size 1024K, 229 young (234496K), 12 survivors (12288K)
 Metaspace       used 115086K, committed 117312K, reserved 1179648K
  class space    used 15579K, committed 16704K, reserved 1048576K
}
Event: 23.039 GC heap after
{Heap after GC invocations=49 (full 0):
 garbage-first heap   total 455680K, used 178057K [0x0000000080000000, 0x0000000100000000)
  region size 1024K, 17 young (17408K), 17 survivors (17408K)
 Metaspace       used 115086K, committed 117312K, reserved 1179648K
  class space    used 15579K, committed 16704K, reserved 1048576K
}
Event: 24.526 GC heap before
{Heap before GC invocations=49 (full 0):
 garbage-first heap   total 455680K, used 413577K [0x0000000080000000, 0x0000000100000000)
  region size 1024K, 246 young (251904K), 17 survivors (17408K)
 Metaspace       used 119678K, committed 121984K, reserved 1179648K
  class space    used 16131K, committed 17280K, reserved 1048576K
}
Event: 24.548 GC heap after
{Heap after GC invocations=50 (full 0):
 garbage-first heap   total 455680K, used 184628K [0x0000000080000000, 0x0000000100000000)
  region size 1024K, 22 young (22528K), 22 survivors (22528K)
 Metaspace       used 119678K, committed 121984K, reserved 1179648K
  class space    used 16131K, committed 17280K, reserved 1048576K
}
Event: 27.595 GC heap before
{Heap before GC invocations=50 (full 0):
 garbage-first heap   total 455680K, used 408884K [0x0000000080000000, 0x0000000100000000)
  region size 1024K, 241 young (246784K), 22 survivors (22528K)
 Metaspace       used 132177K, committed 134592K, reserved 1179648K
  class space    used 17607K, committed 18816K, reserved 1048576K
}
Event: 27.638 GC heap after
{Heap after GC invocations=51 (full 0):
 garbage-first heap   total 455680K, used 199536K [0x0000000080000000, 0x0000000100000000)
  region size 1024K, 30 young (30720K), 30 survivors (30720K)
 Metaspace       used 132177K, committed 134592K, reserved 1179648K
  class space    used 17607K, committed 18816K, reserved 1048576K
}
Event: 809.350 GC heap before
{Heap before GC invocations=51 (full 0):
 garbage-first heap   total 455680K, used 400240K [0x0000000080000000, 0x0000000100000000)
  region size 1024K, 227 young (232448K), 30 survivors (30720K)
 Metaspace       used 148203K, committed 150592K, reserved 1179648K
  class space    used 19875K, committed 21056K, reserved 1048576K
}
Event: 809.398 GC heap after
{Heap after GC invocations=52 (full 0):
 garbage-first heap   total 455680K, used 210432K [0x0000000080000000, 0x0000000100000000)
  region size 1024K, 11 young (11264K), 11 survivors (11264K)
 Metaspace       used 148203K, committed 150592K, reserved 1179648K
  class space    used 19875K, committed 21056K, reserved 1048576K
}
Event: 811.524 GC heap before
{Heap before GC invocations=53 (full 0):
 garbage-first heap   total 455680K, used 429568K [0x0000000080000000, 0x0000000100000000)
  region size 1024K, 212 young (217088K), 11 survivors (11264K)
 Metaspace       used 162101K, committed 164608K, reserved 1245184K
  class space    used 21455K, committed 22720K, reserved 1048576K
}
Event: 811.581 GC heap after
{Heap after GC invocations=54 (full 0):
 garbage-first heap   total 475136K, used 250880K [0x0000000080000000, 0x0000000100000000)
  region size 1024K, 27 young (27648K), 27 survivors (27648K)
 Metaspace       used 162101K, committed 164608K, reserved 1245184K
  class space    used 21455K, committed 22720K, reserved 1048576K
}
Event: 813.848 GC heap before
{Heap before GC invocations=54 (full 0):
 garbage-first heap   total 475136K, used 419840K [0x0000000080000000, 0x0000000100000000)
  region size 1024K, 191 young (195584K), 27 survivors (27648K)
 Metaspace       used 178008K, committed 180800K, reserved 1245184K
  class space    used 23313K, committed 24768K, reserved 1048576K
}
Event: 813.900 GC heap after
{Heap after GC invocations=55 (full 0):
 garbage-first heap   total 475136K, used 259200K [0x0000000080000000, 0x0000000100000000)
  region size 1024K, 10 young (10240K), 10 survivors (10240K)
 Metaspace       used 178008K, committed 180800K, reserved 1245184K
  class space    used 23313K, committed 24768K, reserved 1048576K
}
Event: 816.396 GC heap before
{Heap before GC invocations=55 (full 0):
 garbage-first heap   total 475136K, used 424064K [0x0000000080000000, 0x0000000100000000)
  region size 1024K, 172 young (176128K), 10 survivors (10240K)
 Metaspace       used 197869K, committed 200704K, reserved 1245184K
  class space    used 25351K, committed 26816K, reserved 1048576K
}
Event: 816.420 GC heap after
{Heap after GC invocations=56 (full 0):
 garbage-first heap   total 475136K, used 267904K [0x0000000080000000, 0x0000000100000000)
  region size 1024K, 18 young (18432K), 18 survivors (18432K)
 Metaspace       used 197869K, committed 200704K, reserved 1245184K
  class space    used 25351K, committed 26816K, reserved 1048576K
}

