# JRE version: OpenJDK Runtime Environment (21.0.3) (build 21.0.3+-12282718-b509.11)
# Java VM: OpenJDK 64-Bit Server VM (21.0.3+-12282718-b509.11, mixed mode, tiered, compressed oops, compressed class ptrs, g1 gc, windows-amd64)
GC Precious Log:
 CardTable entry size: 512
 Card Set container configuration: InlinePtr #cards 5 size 8 Array Of Cards #cards 12 size 40 Howl #buckets 4 coarsen threshold 1843 Howl Bitmap #cards 512 size 80 coarsen threshold 460 Card regions per heap region 1 cards per card region 2048
 CPUs: 4 total, 4 available
 Memory: 16223M
 Large Page Support: Disabled
 NUMA Support: Disabled
 Compressed Oops: Enabled (32-bit)
 Heap Region Size: 1M
 Heap Min Capacity: 8M
 Heap Initial Capacity: 254M
 Heap Max Capacity: 2G
 Pre-touch: Disabled
 Parallel Workers: 4
 Concurrent Workers: 1
 Concurrent Refinement Workers: 4
 Periodic GC: Disabled
Heap:
 garbage-first heap   total 316416K, used 251818K [0x0000000080000000, 0x0000000100000000)
  region size 1024K, 71 young (72704K), 4 survivors (4096K)
 Metaspace       used 167413K, committed 169792K, reserved 1245184K
  class space    used 21852K, committed 23040K, reserved 1048576K
GC Heap History (20 events):
Event: 32.112 GC heap before
{Heap before GC invocations=39 (full 0):
 garbage-first heap   total 245760K, used 213504K [0x0000000080000000, 0x0000000100000000)
  region size 1024K, 100 young (102400K), 8 survivors (8192K)
 Metaspace       used 119316K, committed 121472K, reserved 1179648K
  class space    used 16252K, committed 17344K, reserved 1048576K
}
Event: 32.132 GC heap after
{Heap after GC invocations=40 (full 0):
 garbage-first heap   total 245760K, used 125328K [0x0000000080000000, 0x0000000100000000)
  region size 1024K, 13 young (13312K), 13 survivors (13312K)
 Metaspace       used 119316K, committed 121472K, reserved 1179648K
  class space    used 16252K, committed 17344K, reserved 1048576K
}
Event: 45.189 GC heap before
{Heap before GC invocations=41 (full 0):
 garbage-first heap   total 245760K, used 223632K [0x0000000080000000, 0x0000000100000000)
  region size 1024K, 103 young (105472K), 13 survivors (13312K)
 Metaspace       used 126547K, committed 128832K, reserved 1179648K
  class space    used 17129K, committed 18304K, reserved 1048576K
}
Event: 45.208 GC heap after
{Heap after GC invocations=42 (full 0):
 garbage-first heap   total 245760K, used 128766K [0x0000000080000000, 0x0000000100000000)
  region size 1024K, 6 young (6144K), 6 survivors (6144K)
 Metaspace       used 126547K, committed 128832K, reserved 1179648K
  class space    used 17129K, committed 18304K, reserved 1048576K
}
Event: 47.299 GC heap before
{Heap before GC invocations=42 (full 0):
 garbage-first heap   total 245760K, used 230142K [0x0000000080000000, 0x0000000100000000)
  region size 1024K, 95 young (97280K), 6 survivors (6144K)
 Metaspace       used 133336K, committed 135616K, reserved 1179648K
  class space    used 17751K, committed 18944K, reserved 1048576K
}
Event: 47.329 GC heap after
{Heap after GC invocations=43 (full 0):
 garbage-first heap   total 254976K, used 149504K [0x0000000080000000, 0x0000000100000000)
  region size 1024K, 12 young (12288K), 12 survivors (12288K)
 Metaspace       used 133336K, committed 135616K, reserved 1179648K
  class space    used 17751K, committed 18944K, reserved 1048576K
}
Event: 48.835 GC heap before
{Heap before GC invocations=43 (full 0):
 garbage-first heap   total 254976K, used 225280K [0x0000000080000000, 0x0000000100000000)
  region size 1024K, 86 young (88064K), 12 survivors (12288K)
 Metaspace       used 141265K, committed 143552K, reserved 1179648K
  class space    used 18672K, committed 19840K, reserved 1048576K
}
Event: 48.859 GC heap after
{Heap after GC invocations=44 (full 0):
 garbage-first heap   total 254976K, used 154034K [0x0000000080000000, 0x0000000100000000)
  region size 1024K, 4 young (4096K), 4 survivors (4096K)
 Metaspace       used 141265K, committed 143552K, reserved 1179648K
  class space    used 18672K, committed 19840K, reserved 1048576K
}
Event: 50.480 GC heap before
{Heap before GC invocations=45 (full 0):
 garbage-first heap   total 270336K, used 229810K [0x0000000080000000, 0x0000000100000000)
  region size 1024K, 78 young (79872K), 4 survivors (4096K)
 Metaspace       used 145519K, committed 147840K, reserved 1179648K
  class space    used 19401K, committed 20608K, reserved 1048576K
}
Event: 50.491 GC heap after
{Heap after GC invocations=46 (full 0):
 garbage-first heap   total 270336K, used 155027K [0x0000000080000000, 0x0000000100000000)
  region size 1024K, 5 young (5120K), 5 survivors (5120K)
 Metaspace       used 145519K, committed 147840K, reserved 1179648K
  class space    used 19401K, committed 20608K, reserved 1048576K
}
Event: 230.886 GC heap before
{Heap before GC invocations=46 (full 0):
 garbage-first heap   total 270336K, used 245139K [0x0000000080000000, 0x0000000100000000)
  region size 1024K, 94 young (96256K), 5 survivors (5120K)
 Metaspace       used 152192K, committed 154560K, reserved 1245184K
  class space    used 20043K, committed 21248K, reserved 1048576K
}
Event: 230.910 GC heap after
{Heap after GC invocations=47 (full 0):
 garbage-first heap   total 270336K, used 153181K [0x0000000080000000, 0x0000000100000000)
  region size 1024K, 7 young (7168K), 7 survivors (7168K)
 Metaspace       used 152192K, committed 154560K, reserved 1245184K
  class space    used 20043K, committed 21248K, reserved 1048576K
}
Event: 233.882 GC heap before
{Heap before GC invocations=47 (full 0):
 garbage-first heap   total 270336K, used 246365K [0x0000000080000000, 0x0000000100000000)
  region size 1024K, 99 young (101376K), 7 survivors (7168K)
 Metaspace       used 152748K, committed 155136K, reserved 1245184K
  class space    used 20046K, committed 21248K, reserved 1048576K
}
Event: 233.911 GC heap after
{Heap after GC invocations=48 (full 0):
 garbage-first heap   total 270336K, used 163180K [0x0000000080000000, 0x0000000100000000)
  region size 1024K, 13 young (13312K), 13 survivors (13312K)
 Metaspace       used 152748K, committed 155136K, reserved 1245184K
  class space    used 20046K, committed 21248K, reserved 1048576K
}
Event: 238.450 GC heap before
{Heap before GC invocations=49 (full 0):
 garbage-first heap   total 288768K, used 245100K [0x0000000080000000, 0x0000000100000000)
  region size 1024K, 89 young (91136K), 13 survivors (13312K)
 Metaspace       used 153087K, committed 155392K, reserved 1245184K
  class space    used 20069K, committed 21248K, reserved 1048576K
}
Event: 238.478 GC heap after
{Heap after GC invocations=50 (full 0):
 garbage-first heap   total 288768K, used 168960K [0x0000000080000000, 0x0000000100000000)
  region size 1024K, 6 young (6144K), 6 survivors (6144K)
 Metaspace       used 153087K, committed 155392K, reserved 1245184K
  class space    used 20069K, committed 21248K, reserved 1048576K
}
Event: 240.044 GC heap before
{Heap before GC invocations=50 (full 0):
 garbage-first heap   total 288768K, used 269312K [0x0000000080000000, 0x0000000100000000)
  region size 1024K, 99 young (101376K), 6 survivors (6144K)
 Metaspace       used 160922K, committed 163264K, reserved 1245184K
  class space    used 20908K, committed 22080K, reserved 1048576K
}
Event: 240.066 GC heap after
{Heap after GC invocations=51 (full 0):
 garbage-first heap   total 292864K, used 184320K [0x0000000080000000, 0x0000000100000000)
  region size 1024K, 13 young (13312K), 13 survivors (13312K)
 Metaspace       used 160922K, committed 163264K, reserved 1245184K
  class space    used 20908K, committed 22080K, reserved 1048576K
}
Event: 241.331 GC heap before
{Heap before GC invocations=51 (full 0):
 garbage-first heap   total 292864K, used 264192K [0x0000000080000000, 0x0000000100000000)
  region size 1024K, 91 young (93184K), 13 survivors (13312K)
 Metaspace       used 165667K, committed 168064K, reserved 1245184K
  class space    used 21521K, committed 22720K, reserved 1048576K
}
Event: 241.355 GC heap after
{Heap after GC invocations=52 (full 0):
 garbage-first heap   total 292864K, used 189354K [0x0000000080000000, 0x0000000100000000)
  region size 1024K, 4 young (4096K), 4 survivors (4096K)
 Metaspace       used 165667K, committed 168064K, reserved 1245184K
  class space    used 21521K, committed 22720K, reserved 1048576K
}

