# JRE version: OpenJDK Runtime Environment (21.0.3) (build 21.0.3+-12282718-b509.11)
# Java VM: OpenJDK 64-Bit Server VM (21.0.3+-12282718-b509.11, mixed mode, tiered, compressed oops, compressed class ptrs, g1 gc, windows-amd64)
GC Precious Log:
 CardTable entry size: 512
 Card Set container configuration: InlinePtr #cards 5 size 8 Array Of Cards #cards 12 size 40 Howl #buckets 4 coarsen threshold 1843 Howl Bitmap #cards 512 size 80 coarsen threshold 460 Card regions per heap region 1 cards per card region 2048
 CPUs: 4 total, 4 available
 Memory: 16223M
 Large Page Support: Disabled
 NUMA Support: Disabled
 Compressed Oops: Enabled (32-bit)
 Heap Region Size: 1M
 Heap Min Capacity: 8M
 Heap Initial Capacity: 254M
 Heap Max Capacity: 2G
 Pre-touch: Disabled
 Parallel Workers: 4
 Concurrent Workers: 1
 Concurrent Refinement Workers: 4
 Periodic GC: Disabled
Heap:
 garbage-first heap   total 387072K, used 275808K [0x0000000080000000, 0x0000000100000000)
  region size 1024K, 51 young (52224K), 7 survivors (7168K)
 Metaspace       used 177020K, committed 179712K, reserved 1245184K
  class space    used 22811K, committed 24192K, reserved 1048576K
GC Heap History (20 events):
Event: 16.733 GC heap before
{Heap before GC invocations=32 (full 0):
 garbage-first heap   total 352256K, used 283136K [0x0000000080000000, 0x0000000100000000)
  region size 1024K, 146 young (149504K), 8 survivors (8192K)
 Metaspace       used 109869K, committed 112064K, reserved 1179648K
  class space    used 14853K, committed 15936K, reserved 1048576K
}
Event: 16.751 GC heap after
{Heap after GC invocations=33 (full 0):
 garbage-first heap   total 352256K, used 148480K [0x0000000080000000, 0x0000000100000000)
  region size 1024K, 16 young (16384K), 16 survivors (16384K)
 Metaspace       used 109869K, committed 112064K, reserved 1179648K
  class space    used 14853K, committed 15936K, reserved 1048576K
}
Event: 18.907 GC heap before
{Heap before GC invocations=33 (full 0):
 garbage-first heap   total 352256K, used 296960K [0x0000000080000000, 0x0000000100000000)
  region size 1024K, 160 young (163840K), 16 survivors (16384K)
 Metaspace       used 123225K, committed 125376K, reserved 1179648K
  class space    used 16223K, committed 17280K, reserved 1048576K
}
Event: 18.931 GC heap after
{Heap after GC invocations=34 (full 0):
 garbage-first heap   total 352256K, used 157421K [0x0000000080000000, 0x0000000100000000)
  region size 1024K, 17 young (17408K), 17 survivors (17408K)
 Metaspace       used 123225K, committed 125376K, reserved 1179648K
  class space    used 16223K, committed 17280K, reserved 1048576K
}
Event: 20.863 GC heap before
{Heap before GC invocations=34 (full 0):
 garbage-first heap   total 352256K, used 308973K [0x0000000080000000, 0x0000000100000000)
  region size 1024K, 159 young (162816K), 17 survivors (17408K)
 Metaspace       used 139582K, committed 141824K, reserved 1179648K
  class space    used 17939K, committed 19072K, reserved 1048576K
}
Event: 20.885 GC heap after
{Heap after GC invocations=35 (full 0):
 garbage-first heap   total 352256K, used 171962K [0x0000000080000000, 0x0000000100000000)
  region size 1024K, 17 young (17408K), 17 survivors (17408K)
 Metaspace       used 139582K, committed 141824K, reserved 1179648K
  class space    used 17939K, committed 19072K, reserved 1048576K
}
Event: 21.350 GC heap before
{Heap before GC invocations=35 (full 0):
 garbage-first heap   total 352256K, used 201658K [0x0000000080000000, 0x0000000100000000)
  region size 1024K, 45 young (46080K), 17 survivors (17408K)
 Metaspace       used 142774K, committed 145088K, reserved 1179648K
  class space    used 18414K, committed 19584K, reserved 1048576K
}
Event: 21.368 GC heap after
{Heap after GC invocations=36 (full 0):
 garbage-first heap   total 352256K, used 177991K [0x0000000080000000, 0x0000000100000000)
  region size 1024K, 13 young (13312K), 13 survivors (13312K)
 Metaspace       used 142774K, committed 145088K, reserved 1179648K
  class space    used 18414K, committed 19584K, reserved 1048576K
}
Event: 23.713 GC heap before
{Heap before GC invocations=37 (full 0):
 garbage-first heap   total 352256K, used 324423K [0x0000000080000000, 0x0000000100000000)
  region size 1024K, 150 young (153600K), 13 survivors (13312K)
 Metaspace       used 153078K, committed 155520K, reserved 1245184K
  class space    used 19840K, committed 21056K, reserved 1048576K
}
Event: 23.730 GC heap after
{Heap after GC invocations=38 (full 0):
 garbage-first heap   total 352256K, used 187904K [0x0000000080000000, 0x0000000100000000)
  region size 1024K, 12 young (12288K), 12 survivors (12288K)
 Metaspace       used 153078K, committed 155520K, reserved 1245184K
  class space    used 19840K, committed 21056K, reserved 1048576K
}
Event: 24.637 GC heap before
{Heap before GC invocations=38 (full 0):
 garbage-first heap   total 352256K, used 322048K [0x0000000080000000, 0x0000000100000000)
  region size 1024K, 142 young (145408K), 12 survivors (12288K)
 Metaspace       used 153737K, committed 156224K, reserved 1245184K
  class space    used 19878K, committed 21120K, reserved 1048576K
}
Event: 24.666 GC heap after
{Heap after GC invocations=39 (full 0):
 garbage-first heap   total 352256K, used 200502K [0x0000000080000000, 0x0000000100000000)
  region size 1024K, 18 young (18432K), 18 survivors (18432K)
 Metaspace       used 153737K, committed 156224K, reserved 1245184K
  class space    used 19878K, committed 21120K, reserved 1048576K
}
Event: 27.321 GC heap before
{Heap before GC invocations=39 (full 0):
 garbage-first heap   total 352256K, used 314166K [0x0000000080000000, 0x0000000100000000)
  region size 1024K, 130 young (133120K), 18 survivors (18432K)
 Metaspace       used 160977K, committed 163392K, reserved 1245184K
  class space    used 20554K, committed 21760K, reserved 1048576K
}
Event: 27.351 GC heap after
{Heap after GC invocations=40 (full 0):
 garbage-first heap   total 352256K, used 211456K [0x0000000080000000, 0x0000000100000000)
  region size 1024K, 11 young (11264K), 11 survivors (11264K)
 Metaspace       used 160977K, committed 163392K, reserved 1245184K
  class space    used 20554K, committed 21760K, reserved 1048576K
}
Event: 28.935 GC heap before
{Heap before GC invocations=41 (full 0):
 garbage-first heap   total 377856K, used 321024K [0x0000000080000000, 0x0000000100000000)
  region size 1024K, 118 young (120832K), 11 survivors (11264K)
 Metaspace       used 168627K, committed 171200K, reserved 1245184K
  class space    used 21796K, committed 23040K, reserved 1048576K
}
Event: 28.955 GC heap after
{Heap after GC invocations=42 (full 0):
 garbage-first heap   total 377856K, used 208896K [0x0000000080000000, 0x0000000100000000)
  region size 1024K, 6 young (6144K), 6 survivors (6144K)
 Metaspace       used 168627K, committed 171200K, reserved 1245184K
  class space    used 21796K, committed 23040K, reserved 1048576K
}
Event: 30.884 GC heap before
{Heap before GC invocations=42 (full 0):
 garbage-first heap   total 377856K, used 364544K [0x0000000080000000, 0x0000000100000000)
  region size 1024K, 140 young (143360K), 6 survivors (6144K)
 Metaspace       used 177020K, committed 179712K, reserved 1245184K
  class space    used 22811K, committed 24192K, reserved 1048576K
}
Event: 30.911 GC heap after
{Heap after GC invocations=43 (full 0):
 garbage-first heap   total 387072K, used 232448K [0x0000000080000000, 0x0000000100000000)
  region size 1024K, 18 young (18432K), 18 survivors (18432K)
 Metaspace       used 177020K, committed 179712K, reserved 1245184K
  class space    used 22811K, committed 24192K, reserved 1048576K
}
Event: 31.517 GC heap before
{Heap before GC invocations=43 (full 0):
 garbage-first heap   total 387072K, used 348160K [0x0000000080000000, 0x0000000100000000)
  region size 1024K, 131 young (134144K), 18 survivors (18432K)
 Metaspace       used 177020K, committed 179712K, reserved 1245184K
  class space    used 22811K, committed 24192K, reserved 1048576K
}
Event: 31.540 GC heap after
{Heap after GC invocations=44 (full 0):
 garbage-first heap   total 387072K, used 237920K [0x0000000080000000, 0x0000000100000000)
  region size 1024K, 7 young (7168K), 7 survivors (7168K)
 Metaspace       used 177020K, committed 179712K, reserved 1245184K
  class space    used 22811K, committed 24192K, reserved 1048576K
}

