# JRE version: OpenJDK Runtime Environment (21.0.3) (build 21.0.3+-12282718-b509.11)
# Java VM: OpenJDK 64-Bit Server VM (21.0.3+-12282718-b509.11, mixed mode, tiered, compressed oops, compressed class ptrs, g1 gc, windows-amd64)
GC Precious Log:
 CardTable entry size: 512
 Card Set container configuration: InlinePtr #cards 5 size 8 Array Of Cards #cards 12 size 40 Howl #buckets 4 coarsen threshold 1843 Howl Bitmap #cards 512 size 80 coarsen threshold 460 Card regions per heap region 1 cards per card region 2048
 CPUs: 4 total, 4 available
 Memory: 16223M
 Large Page Support: Disabled
 NUMA Support: Disabled
 Compressed Oops: Enabled (32-bit)
 Heap Region Size: 1M
 Heap Min Capacity: 8M
 Heap Initial Capacity: 254M
 Heap Max Capacity: 2G
 Pre-touch: Disabled
 Parallel Workers: 4
 Concurrent Workers: 1
 Concurrent Refinement Workers: 4
 Periodic GC: Disabled
Heap:
 garbage-first heap   total 285696K, used 260836K [0x0000000080000000, 0x0000000100000000)
  region size 1024K, 106 young (108544K), 13 survivors (13312K)
 Metaspace       used 154522K, committed 156992K, reserved 1245184K
  class space    used 20244K, committed 21504K, reserved 1048576K
GC Heap History (20 events):
Event: 27.247 GC heap after
{Heap after GC invocations=44 (full 0):
 garbage-first heap   total 205824K, used 120916K [0x0000000080000000, 0x0000000100000000)
  region size 1024K, 10 young (10240K), 10 survivors (10240K)
 Metaspace       used 117947K, committed 120128K, reserved 1179648K
  class space    used 16058K, committed 17152K, reserved 1048576K
}
Event: 28.284 GC heap before
{Heap before GC invocations=45 (full 0):
 garbage-first heap   total 219136K, used 181332K [0x0000000080000000, 0x0000000100000000)
  region size 1024K, 70 young (71680K), 10 survivors (10240K)
 Metaspace       used 119695K, committed 121856K, reserved 1179648K
  class space    used 16288K, committed 17408K, reserved 1048576K
}
Event: 28.302 GC heap after
{Heap after GC invocations=46 (full 0):
 garbage-first heap   total 219136K, used 123797K [0x0000000080000000, 0x0000000100000000)
  region size 1024K, 6 young (6144K), 6 survivors (6144K)
 Metaspace       used 119695K, committed 121856K, reserved 1179648K
  class space    used 16288K, committed 17408K, reserved 1048576K
}
Event: 34.143 GC heap before
{Heap before GC invocations=46 (full 0):
 garbage-first heap   total 219136K, used 195477K [0x0000000080000000, 0x0000000100000000)
  region size 1024K, 77 young (78848K), 6 survivors (6144K)
 Metaspace       used 121358K, committed 123712K, reserved 1179648K
  class space    used 16555K, committed 17728K, reserved 1048576K
}
Event: 34.159 GC heap after
{Heap after GC invocations=47 (full 0):
 garbage-first heap   total 219136K, used 124442K [0x0000000080000000, 0x0000000100000000)
  region size 1024K, 5 young (5120K), 5 survivors (5120K)
 Metaspace       used 121358K, committed 123712K, reserved 1179648K
  class space    used 16555K, committed 17728K, reserved 1048576K
}
Event: 355.584 GC heap before
{Heap before GC invocations=47 (full 0):
 garbage-first heap   total 219136K, used 197146K [0x0000000080000000, 0x0000000100000000)
  region size 1024K, 77 young (78848K), 5 survivors (5120K)
 Metaspace       used 127046K, committed 129344K, reserved 1179648K
  class space    used 17058K, committed 18240K, reserved 1048576K
}
Event: 355.593 GC heap after
{Heap after GC invocations=48 (full 0):
 garbage-first heap   total 219136K, used 125161K [0x0000000080000000, 0x0000000100000000)
  region size 1024K, 6 young (6144K), 6 survivors (6144K)
 Metaspace       used 127046K, committed 129344K, reserved 1179648K
  class space    used 17058K, committed 18240K, reserved 1048576K
}
Event: 357.397 GC heap before
{Heap before GC invocations=49 (full 0):
 garbage-first heap   total 225280K, used 198889K [0x0000000080000000, 0x0000000100000000)
  region size 1024K, 79 young (80896K), 6 survivors (6144K)
 Metaspace       used 127557K, committed 129856K, reserved 1179648K
  class space    used 17061K, committed 18240K, reserved 1048576K
}
Event: 357.421 GC heap after
{Heap after GC invocations=50 (full 0):
 garbage-first heap   total 225280K, used 135291K [0x0000000080000000, 0x0000000100000000)
  region size 1024K, 10 young (10240K), 10 survivors (10240K)
 Metaspace       used 127557K, committed 129856K, reserved 1179648K
  class space    used 17061K, committed 18240K, reserved 1048576K
}
Event: 359.703 GC heap before
{Heap before GC invocations=50 (full 0):
 garbage-first heap   total 225280K, used 204923K [0x0000000080000000, 0x0000000100000000)
  region size 1024K, 76 young (77824K), 10 survivors (10240K)
 Metaspace       used 127986K, committed 130368K, reserved 1179648K
  class space    used 17104K, committed 18304K, reserved 1048576K
}
Event: 359.727 GC heap after
{Heap after GC invocations=51 (full 0):
 garbage-first heap   total 270336K, used 138682K [0x0000000080000000, 0x0000000100000000)
  region size 1024K, 4 young (4096K), 4 survivors (4096K)
 Metaspace       used 127986K, committed 130368K, reserved 1179648K
  class space    used 17104K, committed 18304K, reserved 1048576K
}
Event: 359.949 GC heap before
{Heap before GC invocations=51 (full 0):
 garbage-first heap   total 270336K, used 147898K [0x0000000080000000, 0x0000000100000000)
  region size 1024K, 15 young (15360K), 4 survivors (4096K)
 Metaspace       used 130158K, committed 132480K, reserved 1179648K
  class space    used 17387K, committed 18560K, reserved 1048576K
}
Event: 359.956 GC heap after
{Heap after GC invocations=52 (full 0):
 garbage-first heap   total 270336K, used 139699K [0x0000000080000000, 0x0000000100000000)
  region size 1024K, 5 young (5120K), 5 survivors (5120K)
 Metaspace       used 130158K, committed 132480K, reserved 1179648K
  class space    used 17387K, committed 18560K, reserved 1048576K
}
Event: 361.746 GC heap before
{Heap before GC invocations=53 (full 0):
 garbage-first heap   total 270336K, used 257459K [0x0000000080000000, 0x0000000100000000)
  region size 1024K, 106 young (108544K), 5 survivors (5120K)
 Metaspace       used 139358K, committed 141696K, reserved 1179648K
  class space    used 18217K, committed 19392K, reserved 1048576K
}
Event: 361.771 GC heap after
{Heap after GC invocations=54 (full 0):
 garbage-first heap   total 280576K, used 162578K [0x0000000080000000, 0x0000000100000000)
  region size 1024K, 14 young (14336K), 14 survivors (14336K)
 Metaspace       used 139358K, committed 141696K, reserved 1179648K
  class space    used 18217K, committed 19392K, reserved 1048576K
}
Event: 363.162 GC heap before
{Heap before GC invocations=54 (full 0):
 garbage-first heap   total 280576K, used 248594K [0x0000000080000000, 0x0000000100000000)
  region size 1024K, 98 young (100352K), 14 survivors (14336K)
 Metaspace       used 148599K, committed 150976K, reserved 1179648K
  class space    used 19350K, committed 20544K, reserved 1048576K
}
Event: 363.192 GC heap after
{Heap after GC invocations=55 (full 0):
 garbage-first heap   total 280576K, used 162240K [0x0000000080000000, 0x0000000100000000)
  region size 1024K, 4 young (4096K), 4 survivors (4096K)
 Metaspace       used 148599K, committed 150976K, reserved 1179648K
  class space    used 19350K, committed 20544K, reserved 1048576K
}
Event: 364.592 GC heap before
{Heap before GC invocations=55 (full 0):
 garbage-first heap   total 280576K, used 253376K [0x0000000080000000, 0x0000000100000000)
  region size 1024K, 93 young (95232K), 4 survivors (4096K)
 Metaspace       used 152474K, committed 154752K, reserved 1245184K
  class space    used 19970K, committed 21120K, reserved 1048576K
}
Event: 364.602 GC heap after
{Heap after GC invocations=56 (full 0):
 garbage-first heap   total 280576K, used 161508K [0x0000000080000000, 0x0000000100000000)
  region size 1024K, 6 young (6144K), 6 survivors (6144K)
 Metaspace       used 152474K, committed 154752K, reserved 1245184K
  class space    used 19970K, committed 21120K, reserved 1048576K
}
Event: 374.946 GC heap before
{Heap before GC invocations=57 (full 0):
 garbage-first heap   total 280576K, used 259812K [0x0000000080000000, 0x0000000100000000)
  region size 1024K, 99 young (101376K), 6 survivors (6144K)
 Metaspace       used 154522K, committed 156992K, reserved 1245184K
  class space    used 20244K, committed 21504K, reserved 1048576K
}

