# JRE version: OpenJDK Runtime Environment (21.0.3) (build 21.0.3+-12282718-b509.11)
# Java VM: OpenJDK 64-Bit Server VM (21.0.3+-12282718-b509.11, mixed mode, tiered, compressed oops, compressed class ptrs, g1 gc, windows-amd64)
GC Precious Log:
 CardTable entry size: 512
 Card Set container configuration: InlinePtr #cards 5 size 8 Array Of Cards #cards 12 size 40 Howl #buckets 4 coarsen threshold 1843 Howl Bitmap #cards 512 size 80 coarsen threshold 460 Card regions per heap region 1 cards per card region 2048
 CPUs: 4 total, 4 available
 Memory: 16223M
 Large Page Support: Disabled
 NUMA Support: Disabled
 Compressed Oops: Enabled (32-bit)
 Heap Region Size: 1M
 Heap Min Capacity: 8M
 Heap Initial Capacity: 254M
 Heap Max Capacity: 2G
 Pre-touch: Disabled
 Parallel Workers: 4
 Concurrent Workers: 1
 Concurrent Refinement Workers: 4
 Periodic GC: Disabled
Heap:
 garbage-first heap   total 374784K, used 288256K [0x0000000080000000, 0x0000000100000000)
  region size 1024K, 65 young (66560K), 6 survivors (6144K)
 Metaspace       used 176996K, committed 179584K, reserved 1245184K
  class space    used 22802K, committed 24128K, reserved 1048576K
GC Heap History (20 events):
Event: 19.595 GC heap before
{Heap before GC invocations=35 (full 0):
 garbage-first heap   total 273408K, used 236480K [0x0000000080000000, 0x0000000100000000)
  region size 1024K, 89 young (91136K), 9 survivors (9216K)
 Metaspace       used 126483K, committed 128704K, reserved 1179648K
  class space    used 16587K, committed 17664K, reserved 1048576K
}
Event: 19.610 GC heap after
{Heap after GC invocations=36 (full 0):
 garbage-first heap   total 273408K, used 158070K [0x0000000080000000, 0x0000000100000000)
  region size 1024K, 9 young (9216K), 9 survivors (9216K)
 Metaspace       used 126483K, committed 128704K, reserved 1179648K
  class space    used 16587K, committed 17664K, reserved 1048576K
}
Event: 20.908 GC heap before
{Heap before GC invocations=36 (full 0):
 garbage-first heap   total 273408K, used 252278K [0x0000000080000000, 0x0000000100000000)
  region size 1024K, 95 young (97280K), 9 survivors (9216K)
 Metaspace       used 135185K, committed 137472K, reserved 1179648K
  class space    used 17522K, committed 18624K, reserved 1048576K
}
Event: 20.927 GC heap after
{Heap after GC invocations=37 (full 0):
 garbage-first heap   total 273408K, used 169652K [0x0000000080000000, 0x0000000100000000)
  region size 1024K, 11 young (11264K), 11 survivors (11264K)
 Metaspace       used 135185K, committed 137472K, reserved 1179648K
  class space    used 17522K, committed 18624K, reserved 1048576K
}
Event: 21.858 GC heap before
{Heap before GC invocations=37 (full 0):
 garbage-first heap   total 273408K, used 230068K [0x0000000080000000, 0x0000000100000000)
  region size 1024K, 71 young (72704K), 11 survivors (11264K)
 Metaspace       used 142594K, committed 144960K, reserved 1179648K
  class space    used 18404K, committed 19584K, reserved 1048576K
}
Event: 21.871 GC heap after
{Heap after GC invocations=38 (full 0):
 garbage-first heap   total 273408K, used 172678K [0x0000000080000000, 0x0000000100000000)
  region size 1024K, 4 young (4096K), 4 survivors (4096K)
 Metaspace       used 142594K, committed 144960K, reserved 1179648K
  class space    used 18404K, committed 19584K, reserved 1048576K
}
Event: 23.064 GC heap before
{Heap before GC invocations=39 (full 0):
 garbage-first heap   total 334848K, used 255622K [0x0000000080000000, 0x0000000100000000)
  region size 1024K, 80 young (81920K), 4 survivors (4096K)
 Metaspace       used 148218K, committed 150592K, reserved 1179648K
  class space    used 19163K, committed 20352K, reserved 1048576K
}
Event: 23.075 GC heap after
{Heap after GC invocations=40 (full 0):
 garbage-first heap   total 334848K, used 179300K [0x0000000080000000, 0x0000000100000000)
  region size 1024K, 9 young (9216K), 9 survivors (9216K)
 Metaspace       used 148218K, committed 150592K, reserved 1179648K
  class space    used 19163K, committed 20352K, reserved 1048576K
}
Event: 24.333 GC heap before
{Heap before GC invocations=40 (full 0):
 garbage-first heap   total 334848K, used 291940K [0x0000000080000000, 0x0000000100000000)
  region size 1024K, 116 young (118784K), 9 survivors (9216K)
 Metaspace       used 153275K, committed 155712K, reserved 1245184K
  class space    used 19852K, committed 21056K, reserved 1048576K
}
Event: 24.356 GC heap after
{Heap after GC invocations=41 (full 0):
 garbage-first heap   total 334848K, used 188569K [0x0000000080000000, 0x0000000100000000)
  region size 1024K, 15 young (15360K), 15 survivors (15360K)
 Metaspace       used 153275K, committed 155712K, reserved 1245184K
  class space    used 19852K, committed 21056K, reserved 1048576K
}
Event: 25.190 GC heap before
{Heap before GC invocations=41 (full 0):
 garbage-first heap   total 334848K, used 301209K [0x0000000080000000, 0x0000000100000000)
  region size 1024K, 124 young (126976K), 15 survivors (15360K)
 Metaspace       used 154144K, committed 156608K, reserved 1245184K
  class space    used 19911K, committed 21120K, reserved 1048576K
}
Event: 25.217 GC heap after
{Heap after GC invocations=42 (full 0):
 garbage-first heap   total 334848K, used 200886K [0x0000000080000000, 0x0000000100000000)
  region size 1024K, 16 young (16384K), 16 survivors (16384K)
 Metaspace       used 154144K, committed 156608K, reserved 1245184K
  class space    used 19911K, committed 21120K, reserved 1048576K
}
Event: 27.615 GC heap before
{Heap before GC invocations=42 (full 0):
 garbage-first heap   total 334848K, used 292022K [0x0000000080000000, 0x0000000100000000)
  region size 1024K, 106 young (108544K), 16 survivors (16384K)
 Metaspace       used 160900K, committed 163328K, reserved 1245184K
  class space    used 20542K, committed 21760K, reserved 1048576K
}
Event: 27.641 GC heap after
{Heap after GC invocations=43 (full 0):
 garbage-first heap   total 334848K, used 209408K [0x0000000080000000, 0x0000000100000000)
  region size 1024K, 8 young (8192K), 8 survivors (8192K)
 Metaspace       used 160900K, committed 163328K, reserved 1245184K
  class space    used 20542K, committed 21760K, reserved 1048576K
}
Event: 29.150 GC heap before
{Heap before GC invocations=44 (full 0):
 garbage-first heap   total 372736K, used 304640K [0x0000000080000000, 0x0000000100000000)
  region size 1024K, 101 young (103424K), 8 survivors (8192K)
 Metaspace       used 167753K, committed 170368K, reserved 1245184K
  class space    used 21683K, committed 22976K, reserved 1048576K
}
Event: 29.166 GC heap after
{Heap after GC invocations=45 (full 0):
 garbage-first heap   total 372736K, used 211456K [0x0000000080000000, 0x0000000100000000)
  region size 1024K, 4 young (4096K), 4 survivors (4096K)
 Metaspace       used 167753K, committed 170368K, reserved 1245184K
  class space    used 21683K, committed 22976K, reserved 1048576K
}
Event: 31.040 GC heap before
{Heap before GC invocations=45 (full 0):
 garbage-first heap   total 372736K, used 353792K [0x0000000080000000, 0x0000000100000000)
  region size 1024K, 125 young (128000K), 4 survivors (4096K)
 Metaspace       used 176994K, committed 179584K, reserved 1245184K
  class space    used 22802K, committed 24128K, reserved 1048576K
}
Event: 31.064 GC heap after
{Heap after GC invocations=46 (full 0):
 garbage-first heap   total 374784K, used 228159K [0x0000000080000000, 0x0000000100000000)
  region size 1024K, 16 young (16384K), 16 survivors (16384K)
 Metaspace       used 176994K, committed 179584K, reserved 1245184K
  class space    used 22802K, committed 24128K, reserved 1048576K
}
Event: 31.588 GC heap before
{Heap before GC invocations=46 (full 0):
 garbage-first heap   total 374784K, used 338751K [0x0000000080000000, 0x0000000100000000)
  region size 1024K, 124 young (126976K), 16 survivors (16384K)
 Metaspace       used 176996K, committed 179584K, reserved 1245184K
  class space    used 22802K, committed 24128K, reserved 1048576K
}
Event: 31.608 GC heap after
{Heap after GC invocations=47 (full 0):
 garbage-first heap   total 374784K, used 231936K [0x0000000080000000, 0x0000000100000000)
  region size 1024K, 6 young (6144K), 6 survivors (6144K)
 Metaspace       used 176996K, committed 179584K, reserved 1245184K
  class space    used 22802K, committed 24128K, reserved 1048576K
}

